<?xml version="1.0" encoding="UTF-8"?>
<!-- Generated by org.testng.reporters.JUnitXMLReporter -->
<testsuite ignored="1" hostname="DESKTOP-EQU5D95" failures="0" tests="6" name="Default test" time="0.089" errors="0" timestamp="2022-06-22T22:49:42 IST">
  <testcase classname="Testng.ex_02" name="Tc1" time="0.013"/>
  <testcase classname="Testng.ex_02" name="Tc3" time="0.001"/>
  <testcase classname="Testng.ex_02" name="Tc3" time="0.0"/>
  <testcase classname="Testng.ex_02" name="Tc3" time="0.0"/>
  <testcase classname="Testng.ex_02" name="tc2" time="0.001"/>
  <testcase classname="Testng.ex_02" name="Tc4" time="0.001"/>
  <testcase classname="Testng.ex_02" name="Tc5" time="0.0">
    <ignored/>
  </testcase> <!-- Tc5 -->
</testsuite> <!-- Default test -->
