<?xml version="1.0" encoding="UTF-8"?>
<testng-results ignored="1" total="7" passed="6" failed="0" skipped="0">
  <reporter-output>
    <line>
      <![CDATA[running tC1]]>
    </line>
    <line>
      <![CDATA[running tC3]]>
    </line>
    <line>
      <![CDATA[running tC3]]>
    </line>
    <line>
      <![CDATA[running tC3]]>
    </line>
    <line>
      <![CDATA[tc2 running ]]>
    </line>
    <line>
      <![CDATA[running tC4]]>
    </line>
  </reporter-output>
  <suite started-at="2022-06-22T22:49:42 IST" name="Default suite" finished-at="2022-06-22T22:49:42 IST" duration-ms="89">
    <groups>
    </groups>
    <test started-at="2022-06-22T22:49:42 IST" name="Default test" finished-at="2022-06-22T22:49:42 IST" duration-ms="89">
      <class name="Testng.ex_02">
        <test-method signature="Tc1()[pri:0, instance:Testng.ex_02@be64738]" started-at="2022-06-22T22:49:42 IST" name="Tc1" finished-at="2022-06-22T22:49:42 IST" duration-ms="13" status="PASS">
          <reporter-output>
            <line>
              <![CDATA[running tC1]]>
            </line>
          </reporter-output>
        </test-method> <!-- Tc1 -->
        <test-method signature="Tc3()[pri:0, instance:Testng.ex_02@be64738]" started-at="2022-06-22T22:49:42 IST" name="Tc3" finished-at="2022-06-22T22:49:42 IST" duration-ms="1" status="PASS">
          <reporter-output>
            <line>
              <![CDATA[running tC3]]>
            </line>
          </reporter-output>
        </test-method> <!-- Tc3 -->
        <test-method signature="Tc3()[pri:0, instance:Testng.ex_02@be64738]" started-at="2022-06-22T22:49:42 IST" name="Tc3" finished-at="2022-06-22T22:49:42 IST" duration-ms="0" status="PASS">
          <reporter-output>
            <line>
              <![CDATA[running tC3]]>
            </line>
          </reporter-output>
        </test-method> <!-- Tc3 -->
        <test-method signature="Tc3()[pri:0, instance:Testng.ex_02@be64738]" started-at="2022-06-22T22:49:42 IST" name="Tc3" finished-at="2022-06-22T22:49:42 IST" duration-ms="0" status="PASS">
          <reporter-output>
            <line>
              <![CDATA[running tC3]]>
            </line>
          </reporter-output>
        </test-method> <!-- Tc3 -->
        <test-method signature="tc2()[pri:0, instance:Testng.ex_02@be64738]" started-at="2022-06-22T22:49:42 IST" name="tc2" finished-at="2022-06-22T22:49:42 IST" duration-ms="1" status="PASS">
          <reporter-output>
            <line>
              <![CDATA[tc2 running ]]>
            </line>
          </reporter-output>
        </test-method> <!-- tc2 -->
        <test-method signature="Tc4()[pri:1, instance:Testng.ex_02@be64738]" started-at="2022-06-22T22:49:42 IST" name="Tc4" finished-at="2022-06-22T22:49:42 IST" duration-ms="1" status="PASS">
          <reporter-output>
            <line>
              <![CDATA[running tC4]]>
            </line>
          </reporter-output>
        </test-method> <!-- Tc4 -->
      </class> <!-- Testng.ex_02 -->
    </test> <!-- Default test -->
  </suite> <!-- Default suite -->
</testng-results>
